<?xml version="1.0" encoding="UTF-8"?>
<!-- Generated by org.testng.reporters.JUnitReportReporter -->
<testsuite hostname="DESKTOP-4COMNSG" failures="0" tests="1" name="com.firstDemo.App" time="0.021" errors="0" timestamp="30 Jul 2019 18:50:10 GMT" skipped="0">
  <testcase classname="com.firstDemo.App" name="firsttest" time="0.021"/>
</testsuite> <!-- com.firstDemo.App -->
